\BOOKMARK [0][-]{chapter*.2}{\376\377\000P\000o\000p\000i\000s\000\040\000s\000l\000i\000k\000a}{}% 1
\BOOKMARK [0][-]{chapter.1}{\376\377\000O\000p\000i\000s\000\040\000a\000p\000l\000i\000k\000a\000c\000i\000j\000e}{}% 2
\BOOKMARK [0][-]{chapter.2}{\376\377\000O\000s\000n\000o\000v\000n\000e\000\040\000i\000d\000e\000j\000e\000\040\000p\000r\000i\000\040\000i\000m\000p\000l\000e\000m\000e\000n\000t\000a\000c\000i\000j\000i}{}% 3
\BOOKMARK [0][-]{chapter.3}{\376\377\000I\000m\000p\000l\000e\000m\000e\000n\000t\000a\000c\000i\000j\000a}{}% 4
\BOOKMARK [1][-]{section.3.1}{\376\377\000O\000s\000n\000o\000v\000n\000i\000\040\000k\000o\000n\000c\000e\000p\000i}{chapter.3}% 5
\BOOKMARK [1][-]{section.3.2}{\376\377\000B\000a\000z\000a\000\040\000p\000o\000d\000a\000t\000a\000k\000a}{chapter.3}% 6
\BOOKMARK [1][-]{section.3.3}{\376\377\000K\000o\000n\000c\000e\000p\000t\000i\000\040\000o\000b\000j\000e\000k\000t\000n\000o\000\040\000o\000r\000j\000e\000n\000t\000i\000r\000a\000n\000o\000g\000\040\000p\000r\000o\000g\000r\000a\000m\000i\000r\000a\000n\000j\000a}{chapter.3}% 7
\BOOKMARK [1][-]{section.3.4}{\376\377\000G\000r\000a\000f\000i\001\015\000k\000i\000\040\000i\000n\000t\000e\000r\000f\000e\000j\000s}{chapter.3}% 8
\BOOKMARK [1][-]{section.3.5}{\376\377\000D\000a\000t\000o\000t\000e\000k\000e}{chapter.3}% 9
\BOOKMARK [1][-]{section.3.6}{\376\377\000E\000n\000u\000m\000i}{chapter.3}% 10
\BOOKMARK [1][-]{section.3.7}{\376\377\000I\000n\000t\000e\000r\000f\000a\000c\000e}{chapter.3}% 11
\BOOKMARK [1][-]{section.3.8}{\376\377\000G\000e\000n\000e\000r\000i\000k\000a}{chapter.3}% 12
\BOOKMARK [1][-]{section.3.9}{\376\377\000M\000r\000e\001\176\000n\000o\000\040\000p\000r\000o\000g\000r\000a\000m\000i\000r\000a\000n\000j\000e\000\040\000i\000\040\000t\000r\000e\000d\000o\000v\000i}{chapter.3}% 13
\BOOKMARK [1][-]{section.3.10}{\376\377\000L\000o\000k\000a\000l\000i\000z\000a\000c\000i\000j\000a\000\040\000/\000\040\000I\000n\000t\000e\000r\000n\000a\000c\000i\000o\000n\000a\000l\000i\000z\000a\000c\000i\000j\000a}{chapter.3}% 14
\BOOKMARK [1][-]{section.3.11}{\376\377\000F\000u\000n\000k\000c\000i\000o\000n\000a\000l\000n\000o\000\040\000p\000r\000o\000g\000r\000a\000m\000i\000r\000a\000n\000j\000e}{chapter.3}% 15
\BOOKMARK [1][-]{section.3.12}{\376\377\000I\000z\000v\000j\000e\001\141\000t\000a\000j\000i}{chapter.3}% 16
\BOOKMARK [1][-]{section.3.13}{\376\377\000M\000a\000v\000e\000n}{chapter.3}% 17
\BOOKMARK [1][-]{section.3.14}{\376\377\000T\000e\000s\000t\000i\000r\000a\000n\000j\000e}{chapter.3}% 18
\BOOKMARK [1][-]{section.3.15}{\376\377\000V\000l\000a\000s\000t\000i\000t\000i\000\040\000i\000z\000u\000z\000e\000c\000i}{chapter.3}% 19
\BOOKMARK [1][-]{section.3.16}{\376\377\000P\000o\000k\000r\000e\000t\000a\000n\000j\000e}{chapter.3}% 20
\BOOKMARK [0][-]{chapter.4}{\376\377\000B\000u\000d\000u\001\007\000e\000\040\000n\000a\000p\000r\000e\000d\000o\000v\000a\000n\000j\000e}{}% 21
